<?xml version="1.0" encoding="UTF-8"?>
<testsuite name="com.mindhub.homebanking.HomebankingApplicationTests" tests="1" skipped="0" failures="0" errors="0" timestamp="2022-12-16T22:44:24" hostname="PCJUAN" time="0.14">
  <properties/>
  <testcase name="contextLoads()" classname="com.mindhub.homebanking.HomebankingApplicationTests" time="0.14"/>
  <system-out><![CDATA[19:44:20.711 [Test worker] DEBUG org.springframework.test.context.BootstrapUtils - Instantiating CacheAwareContextLoaderDelegate from class [org.springframework.test.context.cache.DefaultCacheAwareContextLoaderDelegate]
19:44:20.718 [Test worker] DEBUG org.springframework.test.context.BootstrapUtils - Instantiating BootstrapContext using constructor [public org.springframework.test.context.support.DefaultBootstrapContext(java.lang.Class,org.springframework.test.context.CacheAwareContextLoaderDelegate)]
19:44:20.739 [Test worker] DEBUG org.springframework.test.context.BootstrapUtils - Instantiating TestContextBootstrapper for test class [com.mindhub.homebanking.HomebankingApplicationTests] from class [org.springframework.boot.test.context.SpringBootTestContextBootstrapper]
19:44:20.747 [Test worker] INFO org.springframework.boot.test.context.SpringBootTestContextBootstrapper - Neither @ContextConfiguration nor @ContextHierarchy found for test class [com.mindhub.homebanking.HomebankingApplicationTests], using SpringBootContextLoader
19:44:20.750 [Test worker] DEBUG org.springframework.test.context.support.AbstractContextLoader - Did not detect default resource location for test class [com.mindhub.homebanking.HomebankingApplicationTests]: class path resource [com/mindhub/homebanking/HomebankingApplicationTests-context.xml] does not exist
19:44:20.750 [Test worker] DEBUG org.springframework.test.context.support.AbstractContextLoader - Did not detect default resource location for test class [com.mindhub.homebanking.HomebankingApplicationTests]: class path resource [com/mindhub/homebanking/HomebankingApplicationTestsContext.groovy] does not exist
19:44:20.750 [Test worker] INFO org.springframework.test.context.support.AbstractContextLoader - Could not detect default resource locations for test class [com.mindhub.homebanking.HomebankingApplicationTests]: no resource found for suffixes {-context.xml, Context.groovy}.
19:44:20.751 [Test worker] INFO org.springframework.test.context.support.AnnotationConfigContextLoaderUtils - Could not detect default configuration classes for test class [com.mindhub.homebanking.HomebankingApplicationTests]: HomebankingApplicationTests does not declare any static, non-private, non-final, nested classes annotated with @Configuration.
19:44:20.780 [Test worker] DEBUG org.springframework.test.context.support.ActiveProfilesUtils - Could not find an 'annotation declaring class' for annotation type [org.springframework.test.context.ActiveProfiles] and class [com.mindhub.homebanking.HomebankingApplicationTests]
19:44:20.819 [Test worker] DEBUG org.springframework.context.annotation.ClassPathScanningCandidateComponentProvider - Identified candidate component class: file [C:\Users\Juan\OneDrive\Desktop\MindHub\M3\homebanking\build\classes\java\main\com\mindhub\homebanking\HomebankingApplication.class]
19:44:20.821 [Test worker] INFO org.springframework.boot.test.context.SpringBootTestContextBootstrapper - Found @SpringBootConfiguration com.mindhub.homebanking.HomebankingApplication for test class com.mindhub.homebanking.HomebankingApplicationTests
19:44:20.888 [Test worker] DEBUG org.springframework.boot.test.context.SpringBootTestContextBootstrapper - @TestExecutionListeners is not present for class [com.mindhub.homebanking.HomebankingApplicationTests]: using defaults.
19:44:20.889 [Test worker] INFO org.springframework.boot.test.context.SpringBootTestContextBootstrapper - Loaded default TestExecutionListener class names from location [META-INF/spring.factories]: [org.springframework.boot.test.autoconfigure.restdocs.RestDocsTestExecutionListener, org.springframework.boot.test.autoconfigure.web.client.MockRestServiceServerResetTestExecutionListener, org.springframework.boot.test.autoconfigure.web.servlet.MockMvcPrintOnlyOnFailureTestExecutionListener, org.springframework.boot.test.autoconfigure.web.servlet.WebDriverTestExecutionListener, org.springframework.boot.test.autoconfigure.webservices.client.MockWebServiceServerTestExecutionListener, org.springframework.boot.test.mock.mockito.MockitoTestExecutionListener, org.springframework.boot.test.mock.mockito.ResetMocksTestExecutionListener, org.springframework.test.context.web.ServletTestExecutionListener, org.springframework.test.context.support.DirtiesContextBeforeModesTestExecutionListener, org.springframework.test.context.event.ApplicationEventsTestExecutionListener, org.springframework.test.context.support.DependencyInjectionTestExecutionListener, org.springframework.test.context.support.DirtiesContextTestExecutionListener, org.springframework.test.context.transaction.TransactionalTestExecutionListener, org.springframework.test.context.jdbc.SqlScriptsTestExecutionListener, org.springframework.test.context.event.EventPublishingTestExecutionListener]
19:44:20.901 [Test worker] INFO org.springframework.boot.test.context.SpringBootTestContextBootstrapper - Using TestExecutionListeners: [org.springframework.test.context.web.ServletTestExecutionListener@25ddbbbb, org.springframework.test.context.support.DirtiesContextBeforeModesTestExecutionListener@1536602f, org.springframework.test.context.event.ApplicationEventsTestExecutionListener@4ebea12c, org.springframework.boot.test.mock.mockito.MockitoTestExecutionListener@2a1edad4, org.springframework.boot.test.autoconfigure.SpringBootDependencyInjectionTestExecutionListener@6256ac4f, org.springframework.test.context.support.DirtiesContextTestExecutionListener@44c79f32, org.springframework.test.context.transaction.TransactionalTestExecutionListener@7fcbe147, org.springframework.test.context.jdbc.SqlScriptsTestExecutionListener@235f4c10, org.springframework.test.context.event.EventPublishingTestExecutionListener@743cb8e0, org.springframework.boot.test.autoconfigure.restdocs.RestDocsTestExecutionListener@c7a975a, org.springframework.boot.test.autoconfigure.web.client.MockRestServiceServerResetTestExecutionListener@2c1b9e4b, org.springframework.boot.test.autoconfigure.web.servlet.MockMvcPrintOnlyOnFailureTestExecutionListener@757d6814, org.springframework.boot.test.autoconfigure.web.servlet.WebDriverTestExecutionListener@649725e3, org.springframework.boot.test.autoconfigure.webservices.client.MockWebServiceServerTestExecutionListener@3c0fae6c, org.springframework.boot.test.mock.mockito.ResetMocksTestExecutionListener@4c168660]
19:44:20.904 [Test worker] DEBUG org.springframework.test.context.support.AbstractDirtiesContextTestExecutionListener - Before test class: context [DefaultTestContext@6175619b testClass = HomebankingApplicationTests, testInstance = [null], testMethod = [null], testException = [null], mergedContextConfiguration = [WebMergedContextConfiguration@2f058b8a testClass = HomebankingApplicationTests, locations = '{}', classes = '{class com.mindhub.homebanking.HomebankingApplication}', contextInitializerClasses = '[]', activeProfiles = '{}', propertySourceLocations = '{}', propertySourceProperties = '{org.springframework.boot.test.context.SpringBootTestContextBootstrapper=true}', contextCustomizers = set[org.springframework.boot.test.autoconfigure.actuate.metrics.MetricsExportContextCustomizerFactory$DisableMetricExportContextCustomizer@1b7c473a, org.springframework.boot.test.autoconfigure.properties.PropertyMappingContextCustomizer@0, org.springframework.boot.test.autoconfigure.web.servlet.WebDriverContextCustomizerFactory$Customizer@40238dd0, org.springframework.boot.test.context.filter.ExcludeFilterContextCustomizer@6a55299e, org.springframework.boot.test.json.DuplicateJsonObjectContextCustomizerFactory$DuplicateJsonObjectContextCustomizer@7ac0e420, org.springframework.boot.test.mock.mockito.MockitoContextCustomizer@0, org.springframework.boot.test.web.client.TestRestTemplateContextCustomizer@db57326, org.springframework.boot.test.context.SpringBootTestArgs@1, org.springframework.boot.test.context.SpringBootTestWebEnvironment@7a419da4], resourceBasePath = 'src/main/webapp', contextLoader = 'org.springframework.boot.test.context.SpringBootContextLoader', parent = [null]], attributes = map['org.springframework.test.context.web.ServletTestExecutionListener.activateListener' -> true]], class annotated with @DirtiesContext [false] with mode [null].

  .   ____          _            __ _ _
 /\\ / ___'_ __ _ _(_)_ __  __ _ \ \ \ \
( ( )\___ | '_ | '_| | '_ \/ _` | \ \ \ \
 \\/  ___)| |_)| | | | | || (_| |  ) ) ) )
  '  |____| .__|_| |_|_| |_\__, | / / / /
 =========|_|==============|___/=/_/_/_/
 :: Spring Boot ::                (v2.7.5)

2022-12-16 19:44:21.118  INFO 14564 --- [    Test worker] c.m.h.HomebankingApplicationTests        : Starting HomebankingApplicationTests using Java 17.0.5 on PCJuan with PID 14564 (started by Juan in C:\Users\Juan\OneDrive\Desktop\MindHub\M3\homebanking)
2022-12-16 19:44:21.119  INFO 14564 --- [    Test worker] c.m.h.HomebankingApplicationTests        : No active profile set, falling back to 1 default profile: "default"
2022-12-16 19:44:21.550  INFO 14564 --- [    Test worker] .s.d.r.c.RepositoryConfigurationDelegate : Bootstrapping Spring Data JPA repositories in DEFAULT mode.
2022-12-16 19:44:21.595  INFO 14564 --- [    Test worker] .s.d.r.c.RepositoryConfigurationDelegate : Finished Spring Data repository scanning in 40 ms. Found 6 JPA repository interfaces.
2022-12-16 19:44:22.014  INFO 14564 --- [    Test worker] com.zaxxer.hikari.HikariDataSource       : HikariPool-1 - Starting...
2022-12-16 19:44:22.163  INFO 14564 --- [    Test worker] com.zaxxer.hikari.HikariDataSource       : HikariPool-1 - Start completed.
2022-12-16 19:44:22.213  INFO 14564 --- [    Test worker] o.hibernate.jpa.internal.util.LogHelper  : HHH000204: Processing PersistenceUnitInfo [name: default]
2022-12-16 19:44:22.255  INFO 14564 --- [    Test worker] org.hibernate.Version                    : HHH000412: Hibernate ORM core version 5.6.12.Final
2022-12-16 19:44:22.411  INFO 14564 --- [    Test worker] o.hibernate.annotations.common.Version   : HCANN000001: Hibernate Commons Annotations {5.1.2.Final}
2022-12-16 19:44:22.502  INFO 14564 --- [    Test worker] org.hibernate.dialect.Dialect            : HHH000400: Using dialect: org.hibernate.dialect.H2Dialect
Hibernate: drop table if exists account CASCADE 
Hibernate: drop table if exists card CASCADE 
Hibernate: drop table if exists client CASCADE 
Hibernate: drop table if exists client_loan CASCADE 
Hibernate: drop table if exists loan CASCADE 
Hibernate: drop table if exists loan_payments CASCADE 
Hibernate: drop table if exists transaction CASCADE 
Hibernate: create table account (id bigint generated by default as identity, balance double not null, creation_date timestamp, number varchar(255), client_id bigint, primary key (id))
Hibernate: create table card (id bigint generated by default as identity, card_holder varchar(255), color varchar(255), cvv integer, from_date date, number varchar(255), thru_date date, type varchar(255), client_id bigint, primary key (id))
Hibernate: create table client (id bigint generated by default as identity, email varchar(255), first_name varchar(255), last_name varchar(255), primary key (id))
Hibernate: create table client_loan (id bigint generated by default as identity, amount double, application_date date, payments integer, client_id bigint, loan_id bigint, primary key (id))
Hibernate: create table loan (id bigint generated by default as identity, max_amount double, name varchar(255), primary key (id))
Hibernate: create table loan_payments (loan_id bigint not null, payments integer)
Hibernate: create table transaction (id bigint generated by default as identity, amount double not null, date timestamp, description varchar(255), type varchar(255), account_id bigint, primary key (id))
Hibernate: alter table account add constraint FKkm8yb63h4ownvnlrbwnadntyn foreign key (client_id) references client
Hibernate: alter table card add constraint FKnvnei204yqg1f980ne5doh3y8 foreign key (client_id) references client
Hibernate: alter table client_loan add constraint FKd8h1xa64d22qalpvik5u1tqne foreign key (client_id) references client
Hibernate: alter table client_loan add constraint FK6s4j3r1g0c57o9pkapauphmey foreign key (loan_id) references loan
Hibernate: alter table loan_payments add constraint FKabhv2maihe9qwgqdavy8g4in7 foreign key (loan_id) references loan
Hibernate: alter table transaction add constraint FK6g20fcr3bhr6bihgy24rq1r1b foreign key (account_id) references account
2022-12-16 19:44:23.037  INFO 14564 --- [    Test worker] o.h.e.t.j.p.i.JtaPlatformInitiator       : HHH000490: Using JtaPlatform implementation: [org.hibernate.engine.transaction.jta.platform.internal.NoJtaPlatform]
2022-12-16 19:44:23.043  INFO 14564 --- [    Test worker] j.LocalContainerEntityManagerFactoryBean : Initialized JPA EntityManagerFactory for persistence unit 'default'
2022-12-16 19:44:23.587  WARN 14564 --- [    Test worker] JpaBaseConfiguration$JpaWebConfiguration : spring.jpa.open-in-view is enabled by default. Therefore, database queries may be performed during view rendering. Explicitly configure spring.jpa.open-in-view to disable this warning
2022-12-16 19:44:23.940  INFO 14564 --- [    Test worker] o.s.b.a.h2.H2ConsoleAutoConfiguration    : H2 console available at '/h2-console'. Database available at 'jdbc:h2:mem:homebanking'
2022-12-16 19:44:24.305  INFO 14564 --- [    Test worker] c.m.h.HomebankingApplicationTests        : Started HomebankingApplicationTests in 3.373 seconds (JVM running for 4.162)
Hibernate: insert into client (id, email, first_name, last_name) values (default, ?, ?, ?)
Hibernate: insert into client (id, email, first_name, last_name) values (default, ?, ?, ?)
Hibernate: insert into client (id, email, first_name, last_name) values (default, ?, ?, ?)
Hibernate: insert into client (id, email, first_name, last_name) values (default, ?, ?, ?)
Hibernate: insert into account (id, balance, client_id, creation_date, number) values (default, ?, ?, ?, ?)
Hibernate: insert into account (id, balance, client_id, creation_date, number) values (default, ?, ?, ?, ?)
Hibernate: insert into account (id, balance, client_id, creation_date, number) values (default, ?, ?, ?, ?)
Hibernate: insert into account (id, balance, client_id, creation_date, number) values (default, ?, ?, ?, ?)
Hibernate: insert into transaction (id, account_id, amount, date, description, type) values (default, ?, ?, ?, ?, ?)
Hibernate: insert into transaction (id, account_id, amount, date, description, type) values (default, ?, ?, ?, ?, ?)
Hibernate: insert into transaction (id, account_id, amount, date, description, type) values (default, ?, ?, ?, ?, ?)
Hibernate: insert into transaction (id, account_id, amount, date, description, type) values (default, ?, ?, ?, ?, ?)
Hibernate: insert into transaction (id, account_id, amount, date, description, type) values (default, ?, ?, ?, ?, ?)
Hibernate: insert into transaction (id, account_id, amount, date, description, type) values (default, ?, ?, ?, ?, ?)
Hibernate: insert into transaction (id, account_id, amount, date, description, type) values (default, ?, ?, ?, ?, ?)
Hibernate: insert into loan (id, max_amount, name) values (default, ?, ?)
Hibernate: insert into loan (id, max_amount, name) values (default, ?, ?)
Hibernate: insert into loan (id, max_amount, name) values (default, ?, ?)
Hibernate: insert into loan_payments (loan_id, payments) values (?, ?)
Hibernate: insert into loan_payments (loan_id, payments) values (?, ?)
Hibernate: insert into loan_payments (loan_id, payments) values (?, ?)
Hibernate: insert into loan_payments (loan_id, payments) values (?, ?)
Hibernate: insert into loan_payments (loan_id, payments) values (?, ?)
Hibernate: insert into loan_payments (loan_id, payments) values (?, ?)
Hibernate: insert into loan_payments (loan_id, payments) values (?, ?)
Hibernate: insert into loan_payments (loan_id, payments) values (?, ?)
Hibernate: insert into loan_payments (loan_id, payments) values (?, ?)
Hibernate: insert into loan_payments (loan_id, payments) values (?, ?)
Hibernate: insert into loan_payments (loan_id, payments) values (?, ?)
Hibernate: insert into loan_payments (loan_id, payments) values (?, ?)
Hibernate: insert into client_loan (id, amount, application_date, client_id, loan_id, payments) values (default, ?, ?, ?, ?, ?)
Hibernate: insert into client_loan (id, amount, application_date, client_id, loan_id, payments) values (default, ?, ?, ?, ?, ?)
Hibernate: insert into client_loan (id, amount, application_date, client_id, loan_id, payments) values (default, ?, ?, ?, ?, ?)
Hibernate: insert into client_loan (id, amount, application_date, client_id, loan_id, payments) values (default, ?, ?, ?, ?, ?)
Hibernate: insert into card (id, card_holder, client_id, color, cvv, from_date, number, thru_date, type) values (default, ?, ?, ?, ?, ?, ?, ?, ?)
Hibernate: insert into card (id, card_holder, client_id, color, cvv, from_date, number, thru_date, type) values (default, ?, ?, ?, ?, ?, ?, ?, ?)
Hibernate: insert into card (id, card_holder, client_id, color, cvv, from_date, number, thru_date, type) values (default, ?, ?, ?, ?, ?, ?, ?, ?)
]]></system-out>
  <system-err><![CDATA[]]></system-err>
</testsuite>
