<?xml version="1.0" encoding="UTF-8"?>
<testsuite name="com.mindhub.homebanking.UtilsTests" tests="9" skipped="0" failures="0" errors="0" timestamp="2023-01-18T13:45:22" hostname="PCJUAN" time="0.022">
  <properties/>
  <testcase name="accountNumberIsCreated()" classname="com.mindhub.homebanking.UtilsTests" time="0.002"/>
  <testcase name="cardNumberIsAString()" classname="com.mindhub.homebanking.UtilsTests" time="0.003"/>
  <testcase name="cardCvvIsCreated()" classname="com.mindhub.homebanking.UtilsTests" time="0.003"/>
  <testcase name="cardCvvLenghtValidation()" classname="com.mindhub.homebanking.UtilsTests" time="0.001"/>
  <testcase name="accountNumberIsAString()" classname="com.mindhub.homebanking.UtilsTests" time="0.002"/>
  <testcase name="cardCvvIsAInteger()" classname="com.mindhub.homebanking.UtilsTests" time="0.002"/>
  <testcase name="accountNumberLenghtValidation()" classname="com.mindhub.homebanking.UtilsTests" time="0.002"/>
  <testcase name="cardNumberIsCreated()" classname="com.mindhub.homebanking.UtilsTests" time="0.001"/>
  <testcase name="cardNumberLengthValidation()" classname="com.mindhub.homebanking.UtilsTests" time="0.001"/>
  <system-out><![CDATA[2023-01-18 10:45:22.740  INFO 12436 --- [    Test worker] .b.t.c.SpringBootTestContextBootstrapper : Neither @ContextConfiguration nor @ContextHierarchy found for test class [com.mindhub.homebanking.UtilsTests], using SpringBootContextLoader
2023-01-18 10:45:22.740  INFO 12436 --- [    Test worker] o.s.t.c.support.AbstractContextLoader    : Could not detect default resource locations for test class [com.mindhub.homebanking.UtilsTests]: no resource found for suffixes {-context.xml, Context.groovy}.
2023-01-18 10:45:22.740  INFO 12436 --- [    Test worker] t.c.s.AnnotationConfigContextLoaderUtils : Could not detect default configuration classes for test class [com.mindhub.homebanking.UtilsTests]: UtilsTests does not declare any static, non-private, non-final, nested classes annotated with @Configuration.
2023-01-18 10:45:22.741  INFO 12436 --- [    Test worker] .b.t.c.SpringBootTestContextBootstrapper : Found @SpringBootConfiguration com.mindhub.homebanking.HomebankingApplication for test class com.mindhub.homebanking.UtilsTests
2023-01-18 10:45:22.742  INFO 12436 --- [    Test worker] .b.t.c.SpringBootTestContextBootstrapper : Loaded default TestExecutionListener class names from location [META-INF/spring.factories]: [org.springframework.boot.test.autoconfigure.restdocs.RestDocsTestExecutionListener, org.springframework.boot.test.autoconfigure.web.client.MockRestServiceServerResetTestExecutionListener, org.springframework.boot.test.autoconfigure.web.servlet.MockMvcPrintOnlyOnFailureTestExecutionListener, org.springframework.boot.test.autoconfigure.web.servlet.WebDriverTestExecutionListener, org.springframework.boot.test.autoconfigure.webservices.client.MockWebServiceServerTestExecutionListener, org.springframework.boot.test.mock.mockito.MockitoTestExecutionListener, org.springframework.boot.test.mock.mockito.ResetMocksTestExecutionListener, org.springframework.test.context.web.ServletTestExecutionListener, org.springframework.test.context.support.DirtiesContextBeforeModesTestExecutionListener, org.springframework.test.context.event.ApplicationEventsTestExecutionListener, org.springframework.test.context.support.DependencyInjectionTestExecutionListener, org.springframework.test.context.support.DirtiesContextTestExecutionListener, org.springframework.test.context.transaction.TransactionalTestExecutionListener, org.springframework.test.context.jdbc.SqlScriptsTestExecutionListener, org.springframework.test.context.event.EventPublishingTestExecutionListener]
2023-01-18 10:45:22.742  INFO 12436 --- [    Test worker] .b.t.c.SpringBootTestContextBootstrapper : Using TestExecutionListeners: [org.springframework.test.context.web.ServletTestExecutionListener@24e6bd00, org.springframework.test.context.support.DirtiesContextBeforeModesTestExecutionListener@5522f9b, org.springframework.test.context.event.ApplicationEventsTestExecutionListener@70bbc163, org.springframework.boot.test.mock.mockito.MockitoTestExecutionListener@3b26afbc, org.springframework.boot.test.autoconfigure.SpringBootDependencyInjectionTestExecutionListener@2ab91b65, org.springframework.test.context.support.DirtiesContextTestExecutionListener@3e03d75e, org.springframework.test.context.transaction.TransactionalTestExecutionListener@109db924, org.springframework.test.context.jdbc.SqlScriptsTestExecutionListener@1ec8afc4, org.springframework.test.context.event.EventPublishingTestExecutionListener@7cc8fd4b, org.springframework.boot.test.autoconfigure.restdocs.RestDocsTestExecutionListener@5c516cab, org.springframework.boot.test.autoconfigure.web.client.MockRestServiceServerResetTestExecutionListener@21f8aa9c, org.springframework.boot.test.autoconfigure.web.servlet.MockMvcPrintOnlyOnFailureTestExecutionListener@7a1587e8, org.springframework.boot.test.autoconfigure.web.servlet.WebDriverTestExecutionListener@410c1f44, org.springframework.boot.test.autoconfigure.webservices.client.MockWebServiceServerTestExecutionListener@16ef07fa, org.springframework.boot.test.mock.mockito.ResetMocksTestExecutionListener@7227e3f1]
]]></system-out>
  <system-err><![CDATA[]]></system-err>
</testsuite>
