<?xml version="1.0" encoding="UTF-8"?>
<testsuite name="com.mindhub.homebanking.ServicesTests" tests="3" skipped="0" failures="0" errors="0" timestamp="2023-01-18T13:45:22" hostname="PCJUAN" time="0.108">
  <properties/>
  <testcase name="createClientAndPropertyValidation()" classname="com.mindhub.homebanking.ServicesTests" time="0.072"/>
  <testcase name="clientToClientDTO()" classname="com.mindhub.homebanking.ServicesTests" time="0.019"/>
  <testcase name="clientsToClientsDTO()" classname="com.mindhub.homebanking.ServicesTests" time="0.016"/>
  <system-out><![CDATA[2023-01-18 10:45:22.625  INFO 12436 --- [    Test worker] .b.t.c.SpringBootTestContextBootstrapper : Neither @ContextConfiguration nor @ContextHierarchy found for test class [com.mindhub.homebanking.ServicesTests], using SpringBootContextLoader
2023-01-18 10:45:22.626  INFO 12436 --- [    Test worker] o.s.t.c.support.AbstractContextLoader    : Could not detect default resource locations for test class [com.mindhub.homebanking.ServicesTests]: no resource found for suffixes {-context.xml, Context.groovy}.
2023-01-18 10:45:22.626  INFO 12436 --- [    Test worker] t.c.s.AnnotationConfigContextLoaderUtils : Could not detect default configuration classes for test class [com.mindhub.homebanking.ServicesTests]: ServicesTests does not declare any static, non-private, non-final, nested classes annotated with @Configuration.
2023-01-18 10:45:22.627  INFO 12436 --- [    Test worker] .b.t.c.SpringBootTestContextBootstrapper : Found @SpringBootConfiguration com.mindhub.homebanking.HomebankingApplication for test class com.mindhub.homebanking.ServicesTests
2023-01-18 10:45:22.628  INFO 12436 --- [    Test worker] .b.t.c.SpringBootTestContextBootstrapper : Loaded default TestExecutionListener class names from location [META-INF/spring.factories]: [org.springframework.boot.test.autoconfigure.restdocs.RestDocsTestExecutionListener, org.springframework.boot.test.autoconfigure.web.client.MockRestServiceServerResetTestExecutionListener, org.springframework.boot.test.autoconfigure.web.servlet.MockMvcPrintOnlyOnFailureTestExecutionListener, org.springframework.boot.test.autoconfigure.web.servlet.WebDriverTestExecutionListener, org.springframework.boot.test.autoconfigure.webservices.client.MockWebServiceServerTestExecutionListener, org.springframework.boot.test.mock.mockito.MockitoTestExecutionListener, org.springframework.boot.test.mock.mockito.ResetMocksTestExecutionListener, org.springframework.test.context.web.ServletTestExecutionListener, org.springframework.test.context.support.DirtiesContextBeforeModesTestExecutionListener, org.springframework.test.context.event.ApplicationEventsTestExecutionListener, org.springframework.test.context.support.DependencyInjectionTestExecutionListener, org.springframework.test.context.support.DirtiesContextTestExecutionListener, org.springframework.test.context.transaction.TransactionalTestExecutionListener, org.springframework.test.context.jdbc.SqlScriptsTestExecutionListener, org.springframework.test.context.event.EventPublishingTestExecutionListener]
2023-01-18 10:45:22.628  INFO 12436 --- [    Test worker] .b.t.c.SpringBootTestContextBootstrapper : Using TestExecutionListeners: [org.springframework.test.context.web.ServletTestExecutionListener@36b4cbb8, org.springframework.test.context.support.DirtiesContextBeforeModesTestExecutionListener@57cfd353, org.springframework.test.context.event.ApplicationEventsTestExecutionListener@4bd29a01, org.springframework.boot.test.mock.mockito.MockitoTestExecutionListener@5a4a8a33, org.springframework.boot.test.autoconfigure.SpringBootDependencyInjectionTestExecutionListener@4a3363c9, org.springframework.test.context.support.DirtiesContextTestExecutionListener@63cf6497, org.springframework.test.context.transaction.TransactionalTestExecutionListener@3c12f87d, org.springframework.test.context.jdbc.SqlScriptsTestExecutionListener@3207e6de, org.springframework.test.context.event.EventPublishingTestExecutionListener@637bf67c, org.springframework.boot.test.autoconfigure.restdocs.RestDocsTestExecutionListener@7b88dd58, org.springframework.boot.test.autoconfigure.web.client.MockRestServiceServerResetTestExecutionListener@50720344, org.springframework.boot.test.autoconfigure.web.servlet.MockMvcPrintOnlyOnFailureTestExecutionListener@5dce3e82, org.springframework.boot.test.autoconfigure.web.servlet.WebDriverTestExecutionListener@613aeb51, org.springframework.boot.test.autoconfigure.webservices.client.MockWebServiceServerTestExecutionListener@5ce59833, org.springframework.boot.test.mock.mockito.ResetMocksTestExecutionListener@1ccdc8c8]
Hibernate: select client0_.id as id1_2_0_, client0_.email as email2_2_0_, client0_.first_name as first_na3_2_0_, client0_.last_name as last_nam4_2_0_, client0_.password as password5_2_0_, accounts1_.client_id as client_i6_0_1_, accounts1_.id as id1_0_1_, accounts1_.id as id1_0_2_, accounts1_.balance as balance2_0_2_, accounts1_.client_id as client_i6_0_2_, accounts1_.creation_date as creation3_0_2_, accounts1_.enable as enable4_0_2_, accounts1_.number as number5_0_2_, transactio2_.account_id as account_6_6_3_, transactio2_.id as id1_6_3_, transactio2_.id as id1_6_4_, transactio2_.account_id as account_6_6_4_, transactio2_.amount as amount2_6_4_, transactio2_.date as date3_6_4_, transactio2_.description as descript4_6_4_, transactio2_.type as type5_6_4_, cards3_.client_id as client_i9_1_5_, cards3_.id as id1_1_5_, cards3_.id as id1_1_6_, cards3_.card_holder as card_hol2_1_6_, cards3_.client_id as client_i9_1_6_, cards3_.color as color3_1_6_, cards3_.cvv as cvv4_1_6_, cards3_.from_date as from_dat5_1_6_, cards3_.number as number6_1_6_, cards3_.thru_date as thru_dat7_1_6_, cards3_.type as type8_1_6_, clientloan4_.client_id as client_10_3_7_, clientloan4_.id as id1_3_7_, clientloan4_.id as id1_3_8_, clientloan4_.application_date as applicat2_3_8_, clientloan4_.client_id as client_10_3_8_, clientloan4_.enable as enable3_3_8_, clientloan4_.final_amount as final_am4_3_8_, clientloan4_.loan_id as loan_id11_3_8_, clientloan4_.payments as payments5_3_8_, clientloan4_.quota_value as quota_va6_3_8_, clientloan4_.remaining_payments as remainin7_3_8_, clientloan4_.request_amount as request_8_3_8_, clientloan4_.rest_amount as rest_amo9_3_8_, loan5_.id as id1_4_9_, loan5_.max_amount as max_amou2_4_9_, loan5_.name as name3_4_9_ from client client0_ left outer join account accounts1_ on client0_.id=accounts1_.client_id left outer join transaction transactio2_ on accounts1_.id=transactio2_.account_id left outer join card cards3_ on client0_.id=cards3_.client_id left outer join client_loan clientloan4_ on client0_.id=clientloan4_.client_id left outer join loan loan5_ on clientloan4_.loan_id=loan5_.id where client0_.id=?
Hibernate: select clientloan0_.loan_id as loan_id11_3_0_, clientloan0_.id as id1_3_0_, clientloan0_.id as id1_3_1_, clientloan0_.application_date as applicat2_3_1_, clientloan0_.client_id as client_10_3_1_, clientloan0_.enable as enable3_3_1_, clientloan0_.final_amount as final_am4_3_1_, clientloan0_.loan_id as loan_id11_3_1_, clientloan0_.payments as payments5_3_1_, clientloan0_.quota_value as quota_va6_3_1_, clientloan0_.remaining_payments as remainin7_3_1_, clientloan0_.request_amount as request_8_3_1_, clientloan0_.rest_amount as rest_amo9_3_1_, client1_.id as id1_2_2_, client1_.email as email2_2_2_, client1_.first_name as first_na3_2_2_, client1_.last_name as last_nam4_2_2_, client1_.password as password5_2_2_ from client_loan clientloan0_ left outer join client client1_ on clientloan0_.client_id=client1_.id where clientloan0_.loan_id=?
Hibernate: select clientloan0_.client_id as client_10_3_0_, clientloan0_.id as id1_3_0_, clientloan0_.id as id1_3_1_, clientloan0_.application_date as applicat2_3_1_, clientloan0_.client_id as client_10_3_1_, clientloan0_.enable as enable3_3_1_, clientloan0_.final_amount as final_am4_3_1_, clientloan0_.loan_id as loan_id11_3_1_, clientloan0_.payments as payments5_3_1_, clientloan0_.quota_value as quota_va6_3_1_, clientloan0_.remaining_payments as remainin7_3_1_, clientloan0_.request_amount as request_8_3_1_, clientloan0_.rest_amount as rest_amo9_3_1_, loan1_.id as id1_4_2_, loan1_.max_amount as max_amou2_4_2_, loan1_.name as name3_4_2_ from client_loan clientloan0_ left outer join loan loan1_ on clientloan0_.loan_id=loan1_.id where clientloan0_.client_id=?
Hibernate: select clientloan0_.loan_id as loan_id11_3_0_, clientloan0_.id as id1_3_0_, clientloan0_.id as id1_3_1_, clientloan0_.application_date as applicat2_3_1_, clientloan0_.client_id as client_10_3_1_, clientloan0_.enable as enable3_3_1_, clientloan0_.final_amount as final_am4_3_1_, clientloan0_.loan_id as loan_id11_3_1_, clientloan0_.payments as payments5_3_1_, clientloan0_.quota_value as quota_va6_3_1_, clientloan0_.remaining_payments as remainin7_3_1_, clientloan0_.request_amount as request_8_3_1_, clientloan0_.rest_amount as rest_amo9_3_1_, client1_.id as id1_2_2_, client1_.email as email2_2_2_, client1_.first_name as first_na3_2_2_, client1_.last_name as last_nam4_2_2_, client1_.password as password5_2_2_ from client_loan clientloan0_ left outer join client client1_ on clientloan0_.client_id=client1_.id where clientloan0_.loan_id=?
Hibernate: select cards0_.client_id as client_i9_1_0_, cards0_.id as id1_1_0_, cards0_.id as id1_1_1_, cards0_.card_holder as card_hol2_1_1_, cards0_.client_id as client_i9_1_1_, cards0_.color as color3_1_1_, cards0_.cvv as cvv4_1_1_, cards0_.from_date as from_dat5_1_1_, cards0_.number as number6_1_1_, cards0_.thru_date as thru_dat7_1_1_, cards0_.type as type8_1_1_ from card cards0_ where cards0_.client_id=?
Hibernate: select accounts0_.client_id as client_i6_0_0_, accounts0_.id as id1_0_0_, accounts0_.id as id1_0_1_, accounts0_.balance as balance2_0_1_, accounts0_.client_id as client_i6_0_1_, accounts0_.creation_date as creation3_0_1_, accounts0_.enable as enable4_0_1_, accounts0_.number as number5_0_1_ from account accounts0_ where accounts0_.client_id=?
Hibernate: select transactio0_.account_id as account_6_6_0_, transactio0_.id as id1_6_0_, transactio0_.id as id1_6_1_, transactio0_.account_id as account_6_6_1_, transactio0_.amount as amount2_6_1_, transactio0_.date as date3_6_1_, transactio0_.description as descript4_6_1_, transactio0_.type as type5_6_1_ from transaction transactio0_ where transactio0_.account_id=?
Hibernate: select transactio0_.account_id as account_6_6_0_, transactio0_.id as id1_6_0_, transactio0_.id as id1_6_1_, transactio0_.account_id as account_6_6_1_, transactio0_.amount as amount2_6_1_, transactio0_.date as date3_6_1_, transactio0_.description as descript4_6_1_, transactio0_.type as type5_6_1_ from transaction transactio0_ where transactio0_.account_id=?
Hibernate: select clientloan0_.loan_id as loan_id11_3_0_, clientloan0_.id as id1_3_0_, clientloan0_.id as id1_3_1_, clientloan0_.application_date as applicat2_3_1_, clientloan0_.client_id as client_10_3_1_, clientloan0_.enable as enable3_3_1_, clientloan0_.final_amount as final_am4_3_1_, clientloan0_.loan_id as loan_id11_3_1_, clientloan0_.payments as payments5_3_1_, clientloan0_.quota_value as quota_va6_3_1_, clientloan0_.remaining_payments as remainin7_3_1_, clientloan0_.request_amount as request_8_3_1_, clientloan0_.rest_amount as rest_amo9_3_1_, client1_.id as id1_2_2_, client1_.email as email2_2_2_, client1_.first_name as first_na3_2_2_, client1_.last_name as last_nam4_2_2_, client1_.password as password5_2_2_ from client_loan clientloan0_ left outer join client client1_ on clientloan0_.client_id=client1_.id where clientloan0_.loan_id=?
Hibernate: select client0_.id as id1_2_, client0_.email as email2_2_, client0_.first_name as first_na3_2_, client0_.last_name as last_nam4_2_, client0_.password as password5_2_ from client client0_
Hibernate: select clientloan0_.client_id as client_10_3_0_, clientloan0_.id as id1_3_0_, clientloan0_.id as id1_3_1_, clientloan0_.application_date as applicat2_3_1_, clientloan0_.client_id as client_10_3_1_, clientloan0_.enable as enable3_3_1_, clientloan0_.final_amount as final_am4_3_1_, clientloan0_.loan_id as loan_id11_3_1_, clientloan0_.payments as payments5_3_1_, clientloan0_.quota_value as quota_va6_3_1_, clientloan0_.remaining_payments as remainin7_3_1_, clientloan0_.request_amount as request_8_3_1_, clientloan0_.rest_amount as rest_amo9_3_1_, loan1_.id as id1_4_2_, loan1_.max_amount as max_amou2_4_2_, loan1_.name as name3_4_2_ from client_loan clientloan0_ left outer join loan loan1_ on clientloan0_.loan_id=loan1_.id where clientloan0_.client_id=?
Hibernate: select cards0_.client_id as client_i9_1_0_, cards0_.id as id1_1_0_, cards0_.id as id1_1_1_, cards0_.card_holder as card_hol2_1_1_, cards0_.client_id as client_i9_1_1_, cards0_.color as color3_1_1_, cards0_.cvv as cvv4_1_1_, cards0_.from_date as from_dat5_1_1_, cards0_.number as number6_1_1_, cards0_.thru_date as thru_dat7_1_1_, cards0_.type as type8_1_1_ from card cards0_ where cards0_.client_id=?
Hibernate: select accounts0_.client_id as client_i6_0_0_, accounts0_.id as id1_0_0_, accounts0_.id as id1_0_1_, accounts0_.balance as balance2_0_1_, accounts0_.client_id as client_i6_0_1_, accounts0_.creation_date as creation3_0_1_, accounts0_.enable as enable4_0_1_, accounts0_.number as number5_0_1_ from account accounts0_ where accounts0_.client_id=?
Hibernate: select clientloan0_.client_id as client_10_3_0_, clientloan0_.id as id1_3_0_, clientloan0_.id as id1_3_1_, clientloan0_.application_date as applicat2_3_1_, clientloan0_.client_id as client_10_3_1_, clientloan0_.enable as enable3_3_1_, clientloan0_.final_amount as final_am4_3_1_, clientloan0_.loan_id as loan_id11_3_1_, clientloan0_.payments as payments5_3_1_, clientloan0_.quota_value as quota_va6_3_1_, clientloan0_.remaining_payments as remainin7_3_1_, clientloan0_.request_amount as request_8_3_1_, clientloan0_.rest_amount as rest_amo9_3_1_, loan1_.id as id1_4_2_, loan1_.max_amount as max_amou2_4_2_, loan1_.name as name3_4_2_ from client_loan clientloan0_ left outer join loan loan1_ on clientloan0_.loan_id=loan1_.id where clientloan0_.client_id=?
Hibernate: select cards0_.client_id as client_i9_1_0_, cards0_.id as id1_1_0_, cards0_.id as id1_1_1_, cards0_.card_holder as card_hol2_1_1_, cards0_.client_id as client_i9_1_1_, cards0_.color as color3_1_1_, cards0_.cvv as cvv4_1_1_, cards0_.from_date as from_dat5_1_1_, cards0_.number as number6_1_1_, cards0_.thru_date as thru_dat7_1_1_, cards0_.type as type8_1_1_ from card cards0_ where cards0_.client_id=?
Hibernate: select accounts0_.client_id as client_i6_0_0_, accounts0_.id as id1_0_0_, accounts0_.id as id1_0_1_, accounts0_.balance as balance2_0_1_, accounts0_.client_id as client_i6_0_1_, accounts0_.creation_date as creation3_0_1_, accounts0_.enable as enable4_0_1_, accounts0_.number as number5_0_1_ from account accounts0_ where accounts0_.client_id=?
Hibernate: select clientloan0_.client_id as client_10_3_0_, clientloan0_.id as id1_3_0_, clientloan0_.id as id1_3_1_, clientloan0_.application_date as applicat2_3_1_, clientloan0_.client_id as client_10_3_1_, clientloan0_.enable as enable3_3_1_, clientloan0_.final_amount as final_am4_3_1_, clientloan0_.loan_id as loan_id11_3_1_, clientloan0_.payments as payments5_3_1_, clientloan0_.quota_value as quota_va6_3_1_, clientloan0_.remaining_payments as remainin7_3_1_, clientloan0_.request_amount as request_8_3_1_, clientloan0_.rest_amount as rest_amo9_3_1_, loan1_.id as id1_4_2_, loan1_.max_amount as max_amou2_4_2_, loan1_.name as name3_4_2_ from client_loan clientloan0_ left outer join loan loan1_ on clientloan0_.loan_id=loan1_.id where clientloan0_.client_id=?
Hibernate: select cards0_.client_id as client_i9_1_0_, cards0_.id as id1_1_0_, cards0_.id as id1_1_1_, cards0_.card_holder as card_hol2_1_1_, cards0_.client_id as client_i9_1_1_, cards0_.color as color3_1_1_, cards0_.cvv as cvv4_1_1_, cards0_.from_date as from_dat5_1_1_, cards0_.number as number6_1_1_, cards0_.thru_date as thru_dat7_1_1_, cards0_.type as type8_1_1_ from card cards0_ where cards0_.client_id=?
Hibernate: select accounts0_.client_id as client_i6_0_0_, accounts0_.id as id1_0_0_, accounts0_.id as id1_0_1_, accounts0_.balance as balance2_0_1_, accounts0_.client_id as client_i6_0_1_, accounts0_.creation_date as creation3_0_1_, accounts0_.enable as enable4_0_1_, accounts0_.number as number5_0_1_ from account accounts0_ where accounts0_.client_id=?
Hibernate: select clientloan0_.client_id as client_10_3_0_, clientloan0_.id as id1_3_0_, clientloan0_.id as id1_3_1_, clientloan0_.application_date as applicat2_3_1_, clientloan0_.client_id as client_10_3_1_, clientloan0_.enable as enable3_3_1_, clientloan0_.final_amount as final_am4_3_1_, clientloan0_.loan_id as loan_id11_3_1_, clientloan0_.payments as payments5_3_1_, clientloan0_.quota_value as quota_va6_3_1_, clientloan0_.remaining_payments as remainin7_3_1_, clientloan0_.request_amount as request_8_3_1_, clientloan0_.rest_amount as rest_amo9_3_1_, loan1_.id as id1_4_2_, loan1_.max_amount as max_amou2_4_2_, loan1_.name as name3_4_2_ from client_loan clientloan0_ left outer join loan loan1_ on clientloan0_.loan_id=loan1_.id where clientloan0_.client_id=?
Hibernate: select clientloan0_.loan_id as loan_id11_3_0_, clientloan0_.id as id1_3_0_, clientloan0_.id as id1_3_1_, clientloan0_.application_date as applicat2_3_1_, clientloan0_.client_id as client_10_3_1_, clientloan0_.enable as enable3_3_1_, clientloan0_.final_amount as final_am4_3_1_, clientloan0_.loan_id as loan_id11_3_1_, clientloan0_.payments as payments5_3_1_, clientloan0_.quota_value as quota_va6_3_1_, clientloan0_.remaining_payments as remainin7_3_1_, clientloan0_.request_amount as request_8_3_1_, clientloan0_.rest_amount as rest_amo9_3_1_, client1_.id as id1_2_2_, client1_.email as email2_2_2_, client1_.first_name as first_na3_2_2_, client1_.last_name as last_nam4_2_2_, client1_.password as password5_2_2_ from client_loan clientloan0_ left outer join client client1_ on clientloan0_.client_id=client1_.id where clientloan0_.loan_id=?
Hibernate: select clientloan0_.loan_id as loan_id11_3_0_, clientloan0_.id as id1_3_0_, clientloan0_.id as id1_3_1_, clientloan0_.application_date as applicat2_3_1_, clientloan0_.client_id as client_10_3_1_, clientloan0_.enable as enable3_3_1_, clientloan0_.final_amount as final_am4_3_1_, clientloan0_.loan_id as loan_id11_3_1_, clientloan0_.payments as payments5_3_1_, clientloan0_.quota_value as quota_va6_3_1_, clientloan0_.remaining_payments as remainin7_3_1_, clientloan0_.request_amount as request_8_3_1_, clientloan0_.rest_amount as rest_amo9_3_1_, client1_.id as id1_2_2_, client1_.email as email2_2_2_, client1_.first_name as first_na3_2_2_, client1_.last_name as last_nam4_2_2_, client1_.password as password5_2_2_ from client_loan clientloan0_ left outer join client client1_ on clientloan0_.client_id=client1_.id where clientloan0_.loan_id=?
Hibernate: select cards0_.client_id as client_i9_1_0_, cards0_.id as id1_1_0_, cards0_.id as id1_1_1_, cards0_.card_holder as card_hol2_1_1_, cards0_.client_id as client_i9_1_1_, cards0_.color as color3_1_1_, cards0_.cvv as cvv4_1_1_, cards0_.from_date as from_dat5_1_1_, cards0_.number as number6_1_1_, cards0_.thru_date as thru_dat7_1_1_, cards0_.type as type8_1_1_ from card cards0_ where cards0_.client_id=?
Hibernate: select accounts0_.client_id as client_i6_0_0_, accounts0_.id as id1_0_0_, accounts0_.id as id1_0_1_, accounts0_.balance as balance2_0_1_, accounts0_.client_id as client_i6_0_1_, accounts0_.creation_date as creation3_0_1_, accounts0_.enable as enable4_0_1_, accounts0_.number as number5_0_1_ from account accounts0_ where accounts0_.client_id=?
Hibernate: select transactio0_.account_id as account_6_6_0_, transactio0_.id as id1_6_0_, transactio0_.id as id1_6_1_, transactio0_.account_id as account_6_6_1_, transactio0_.amount as amount2_6_1_, transactio0_.date as date3_6_1_, transactio0_.description as descript4_6_1_, transactio0_.type as type5_6_1_ from transaction transactio0_ where transactio0_.account_id=?
Hibernate: select transactio0_.account_id as account_6_6_0_, transactio0_.id as id1_6_0_, transactio0_.id as id1_6_1_, transactio0_.account_id as account_6_6_1_, transactio0_.amount as amount2_6_1_, transactio0_.date as date3_6_1_, transactio0_.description as descript4_6_1_, transactio0_.type as type5_6_1_ from transaction transactio0_ where transactio0_.account_id=?
Hibernate: select clientloan0_.client_id as client_10_3_0_, clientloan0_.id as id1_3_0_, clientloan0_.id as id1_3_1_, clientloan0_.application_date as applicat2_3_1_, clientloan0_.client_id as client_10_3_1_, clientloan0_.enable as enable3_3_1_, clientloan0_.final_amount as final_am4_3_1_, clientloan0_.loan_id as loan_id11_3_1_, clientloan0_.payments as payments5_3_1_, clientloan0_.quota_value as quota_va6_3_1_, clientloan0_.remaining_payments as remainin7_3_1_, clientloan0_.request_amount as request_8_3_1_, clientloan0_.rest_amount as rest_amo9_3_1_, loan1_.id as id1_4_2_, loan1_.max_amount as max_amou2_4_2_, loan1_.name as name3_4_2_ from client_loan clientloan0_ left outer join loan loan1_ on clientloan0_.loan_id=loan1_.id where clientloan0_.client_id=?
Hibernate: select clientloan0_.loan_id as loan_id11_3_0_, clientloan0_.id as id1_3_0_, clientloan0_.id as id1_3_1_, clientloan0_.application_date as applicat2_3_1_, clientloan0_.client_id as client_10_3_1_, clientloan0_.enable as enable3_3_1_, clientloan0_.final_amount as final_am4_3_1_, clientloan0_.loan_id as loan_id11_3_1_, clientloan0_.payments as payments5_3_1_, clientloan0_.quota_value as quota_va6_3_1_, clientloan0_.remaining_payments as remainin7_3_1_, clientloan0_.request_amount as request_8_3_1_, clientloan0_.rest_amount as rest_amo9_3_1_, client1_.id as id1_2_2_, client1_.email as email2_2_2_, client1_.first_name as first_na3_2_2_, client1_.last_name as last_nam4_2_2_, client1_.password as password5_2_2_ from client_loan clientloan0_ left outer join client client1_ on clientloan0_.client_id=client1_.id where clientloan0_.loan_id=?
Hibernate: select cards0_.client_id as client_i9_1_0_, cards0_.id as id1_1_0_, cards0_.id as id1_1_1_, cards0_.card_holder as card_hol2_1_1_, cards0_.client_id as client_i9_1_1_, cards0_.color as color3_1_1_, cards0_.cvv as cvv4_1_1_, cards0_.from_date as from_dat5_1_1_, cards0_.number as number6_1_1_, cards0_.thru_date as thru_dat7_1_1_, cards0_.type as type8_1_1_ from card cards0_ where cards0_.client_id=?
Hibernate: select accounts0_.client_id as client_i6_0_0_, accounts0_.id as id1_0_0_, accounts0_.id as id1_0_1_, accounts0_.balance as balance2_0_1_, accounts0_.client_id as client_i6_0_1_, accounts0_.creation_date as creation3_0_1_, accounts0_.enable as enable4_0_1_, accounts0_.number as number5_0_1_ from account accounts0_ where accounts0_.client_id=?
Hibernate: select transactio0_.account_id as account_6_6_0_, transactio0_.id as id1_6_0_, transactio0_.id as id1_6_1_, transactio0_.account_id as account_6_6_1_, transactio0_.amount as amount2_6_1_, transactio0_.date as date3_6_1_, transactio0_.description as descript4_6_1_, transactio0_.type as type5_6_1_ from transaction transactio0_ where transactio0_.account_id=?
Hibernate: select transactio0_.account_id as account_6_6_0_, transactio0_.id as id1_6_0_, transactio0_.id as id1_6_1_, transactio0_.account_id as account_6_6_1_, transactio0_.amount as amount2_6_1_, transactio0_.date as date3_6_1_, transactio0_.description as descript4_6_1_, transactio0_.type as type5_6_1_ from transaction transactio0_ where transactio0_.account_id=?
]]></system-out>
  <system-err><![CDATA[]]></system-err>
</testsuite>
